Using pre-set license
Built from '2020.3/staging' branch; Version is '2020.3.0f1 (c7b5465681fb) revision 13088070'; Using compiler version '192528614'; Build Type 'Release'
OS: 'Windows 10 Home; OS build 19041.867; Version 2004; 64bit' Language: 'es' Physical Memory: 16318 MB
BatchMode: 1, IsHumanControllingUs: 0, StartBugReporterOnCrash: 0, Is64bit: 1, IsPro: 0

 COMMAND LINE ARGUMENTS:
D:\Trabajo\2020.3.0f1\Editor\Unity.exe
-adb2
-batchMode
-noUpm
-name
AssetImportWorker0
-projectPath
C:/Users/Usuario/Documents/GitHub/TFC/TFC
-logFile
Logs/AssetImportWorker0.log
-srvPort
63449
Successfully changed project path to: C:/Users/Usuario/Documents/GitHub/TFC/TFC
C:/Users/Usuario/Documents/GitHub/TFC/TFC
Using Asset Import Pipeline V2.
Refreshing native plugins compatible for Editor in 19.01 ms, found 0 plugins.
Preloading 0 native plugins for Editor in 0.00 ms.
Initialize engine version: 2020.3.0f1 (c7b5465681fb)
[Subsystems] Discovering subsystems at path D:/Trabajo/2020.3.0f1/Editor/Data/Resources/UnitySubsystems
[Subsystems] Discovering subsystems at path C:/Users/Usuario/Documents/GitHub/TFC/TFC/Assets
GfxDevice: creating device client; threaded=0
Direct3D:
    Version:  Direct3D 11.0 [level 11.1]
    Renderer: NVIDIA GeForce GTX 960 (ID=0x1401)
    Vendor:   
    VRAM:     4053 MB
    Driver:   27.21.14.6192
Initialize mono
Mono path[0] = 'D:/Trabajo/2020.3.0f1/Editor/Data/Managed'
Mono path[1] = 'D:/Trabajo/2020.3.0f1/Editor/Data/MonoBleedingEdge/lib/mono/unityjit'
Mono config path = 'D:/Trabajo/2020.3.0f1/Editor/Data/MonoBleedingEdge/etc'
Using monoOptions --debugger-agent=transport=dt_socket,embedding=1,server=y,suspend=n,address=127.0.0.1:56176
Begin MonoManager ReloadAssembly
Registering precompiled unity dll's ...
Register platform support module: D:/Trabajo/2020.3.0f1/Editor/Data/PlaybackEngines/WindowsStandaloneSupport/UnityEditor.WindowsStandalone.Extensions.dll
Registered in 0.000914 seconds.
Native extension for WindowsStandalone target not found
Refreshing native plugins compatible for Editor in 18.40 ms, found 0 plugins.
Preloading 0 native plugins for Editor in 0.00 ms.
Invoked RoslynAnalysisRunner static constructor.
RoslynAnalysisRunner will not be running.
RoslynAnalysisRunner has terminated.
Mono: successfully reloaded assembly
- Completed reload, in  1.127 seconds
Platform modules already initialized, skipping
Registering precompiled user dll's ...
Registered in 0.000567 seconds.
Begin MonoManager ReloadAssembly
Native extension for WindowsStandalone target not found
Refreshing native plugins compatible for Editor in 0.17 ms, found 0 plugins.
Preloading 0 native plugins for Editor in 0.00 ms.
Invoked RoslynAnalysisRunner static constructor.
RoslynAnalysisRunner will not be running.
RoslynAnalysisRunner has terminated.
Mono: successfully reloaded assembly
- Completed reload, in  0.696 seconds
Platform modules already initialized, skipping
========================================================================
Worker process is ready to serve import requests
Launched and connected shader compiler UnityShaderCompiler.exe after 0.05 seconds
Refreshing native plugins compatible for Editor in 0.25 ms, found 0 plugins.
Preloading 0 native plugins for Editor in 0.00 ms.
Unloading 1113 Unused Serialized files (Serialized files now loaded: 0)
System memory in use before: 56.9 MB.
System memory in use after: 56.9 MB.

Unloading 10 unused Assets to reduce memory usage. Loaded Objects now: 1555.
Total: 1.432000 ms (FindLiveObjects: 0.124300 ms CreateObjectMapping: 0.040400 ms MarkObjects: 1.207500 ms  DeleteObjects: 0.059000 ms)

========================================================================
Received Import Request.
  path: Assets
  artifactKey: Guid(00000000000000001000000000000000) Importer(815301076,1909f56bfc062723c751e8b465ee728b)
Start importing Assets using Guid(00000000000000001000000000000000) Importer(815301076,1909f56bfc062723c751e8b465ee728b)  -> (artifact id: '42baae205c97e3337697759514652acd') in 0.018040 seconds
  Import took 0.019648 seconds .

========================================================================
Received Import Request.
  Time since last request: 4.814830 seconds.
  path: Assets/Models
  artifactKey: Guid(9a55fbc1f532db646b5600a8e552ed56) Importer(815301076,1909f56bfc062723c751e8b465ee728b)
Start importing Assets/Models using Guid(9a55fbc1f532db646b5600a8e552ed56) Importer(815301076,1909f56bfc062723c751e8b465ee728b)  -> (artifact id: 'dbe83e5776515fe32b03fb9d9da625fe') in 0.006637 seconds
  Import took 0.008453 seconds .

========================================================================
Received Import Request.
  Time since last request: 6.110865 seconds.
  path: Assets/New Folder
  artifactKey: Guid(79147483b6d3d1c469c48dfa8537e609) Importer(815301076,1909f56bfc062723c751e8b465ee728b)
Start importing Assets/New Folder using Guid(79147483b6d3d1c469c48dfa8537e609) Importer(815301076,1909f56bfc062723c751e8b465ee728b)  -> (artifact id: 'aa31f0e2a52137aaa96de48263d3e4aa') in 0.007196 seconds
  Import took 0.009181 seconds .

========================================================================
Received Import Request.
  Time since last request: 1.771808 seconds.
  path: Assets/New Folder 1
  artifactKey: Guid(4b88e1a1c4efb074383451ea8b6005e5) Importer(815301076,1909f56bfc062723c751e8b465ee728b)
Start importing Assets/New Folder 1 using Guid(4b88e1a1c4efb074383451ea8b6005e5) Importer(815301076,1909f56bfc062723c751e8b465ee728b)  -> (artifact id: '4e90c928670b6530ff5bb5b8834de25c') in 0.008485 seconds
  Import took 0.010070 seconds .

========================================================================
Received Import Request.
  Time since last request: 1.260572 seconds.
  path: Assets/New Folder 2
  artifactKey: Guid(2cf95cff01c4dfb47ba742cbb4bdd5be) Importer(815301076,1909f56bfc062723c751e8b465ee728b)
Start importing Assets/New Folder 2 using Guid(2cf95cff01c4dfb47ba742cbb4bdd5be) Importer(815301076,1909f56bfc062723c751e8b465ee728b)  -> (artifact id: 'f6bd26da225e29bf602cc8c9e471dbb5') in 0.007955 seconds
  Import took 0.009779 seconds .

========================================================================
Received Import Request.
  Time since last request: 5.080897 seconds.
  path: Assets/New Folder 3
  artifactKey: Guid(b41aa8880c6da5343b2e9bc682d56210) Importer(815301076,1909f56bfc062723c751e8b465ee728b)
Start importing Assets/New Folder 3 using Guid(b41aa8880c6da5343b2e9bc682d56210) Importer(815301076,1909f56bfc062723c751e8b465ee728b)  -> (artifact id: 'ffe97d7a003d0864b544268d4a5a4ab8') in 0.007621 seconds
  Import took 0.009401 seconds .

========================================================================
Received Import Request.
  Time since last request: 5.153264 seconds.
  path: Assets/Scripts
  artifactKey: Guid(79147483b6d3d1c469c48dfa8537e609) Importer(815301076,1909f56bfc062723c751e8b465ee728b)
Start importing Assets/Scripts using Guid(79147483b6d3d1c469c48dfa8537e609) Importer(815301076,1909f56bfc062723c751e8b465ee728b)  -> (artifact id: '8fe58f12e81640e60fb72a6bc85e12e2') in 0.008229 seconds
  Import took 0.010013 seconds .

========================================================================
Received Import Request.
  Time since last request: 6.236679 seconds.
  path: Assets/Textures
  artifactKey: Guid(2cf95cff01c4dfb47ba742cbb4bdd5be) Importer(815301076,1909f56bfc062723c751e8b465ee728b)
Start importing Assets/Textures using Guid(2cf95cff01c4dfb47ba742cbb4bdd5be) Importer(815301076,1909f56bfc062723c751e8b465ee728b)  -> (artifact id: '17743a9675288a036a4f607e848bb9c7') in 0.007129 seconds
  Import took 0.008664 seconds .

========================================================================
Received Import Request.
  Time since last request: 3.961818 seconds.
  path: Assets/Materials
  artifactKey: Guid(b41aa8880c6da5343b2e9bc682d56210) Importer(815301076,1909f56bfc062723c751e8b465ee728b)
Start importing Assets/Materials using Guid(b41aa8880c6da5343b2e9bc682d56210) Importer(815301076,1909f56bfc062723c751e8b465ee728b)  -> (artifact id: '7bbb25c15b3018fa69c6de137ebd9340') in 0.007381 seconds
  Import took 0.009057 seconds .

========================================================================
Received Import Request.
  Time since last request: 7.879318 seconds.
  path: Assets/Presets
  artifactKey: Guid(4b88e1a1c4efb074383451ea8b6005e5) Importer(815301076,1909f56bfc062723c751e8b465ee728b)
Start importing Assets/Presets using Guid(4b88e1a1c4efb074383451ea8b6005e5) Importer(815301076,1909f56bfc062723c751e8b465ee728b)  -> (artifact id: '6553db0dabb5a2b6fc8e259ea172909c') in 0.007544 seconds
  Import took 0.009386 seconds .

AssetImportWorkerClient::OnTransportError - code=2 error=End of file
